Initial solution:  tensor([[684.,  12.]])
Content-Type: application/json

{
 "success": true,
 "message": "Necessary objects imported."
}
Initial solution:  tensor([[630.,   5.]])
Content-Type: application/json

{
 "solution": [
  [
   630.0,
   5.0
  ]
 ],
 "objectives": [],
 "bad_solutions": [
  []
 ],
 "saved_solutions": [],
 "saved_objectives": [],
 "success": true,
 "message": "Necessary objects imported."
}
Initial solution:  tensor([[2468.,   14.]])
Content-Type: application/json

{
 "solution": [
  [
   2468.0,
   14.0
  ]
 ],
 "objectives": [],
 "bad_solutions": [
  []
 ],
 "saved_solutions": [],
 "saved_objectives": [],
 "success": true,
 "message": "Necessary objects imported."
}
Initial solution:  tensor([[519.,   3.]])
Content-Type: application/json

{
 "solution": [
  [
   519.0,
   3.0
  ]
 ],
 "objectives": [],
 "bad_solutions": [
  []
 ],
 "saved_solutions": [],
 "saved_objectives": [],
 "success": true,
 "message": "Necessary objects imported."
}
Initial solution:  tensor([[1583.,    7.]])
Content-Type: application/json

{
 "solution": [
  [
   1583.0,
   7.0
  ]
 ],
 "objectives": [],
 "bad_solutions": [
  []
 ],
 "saved_solutions": [],
 "saved_objectives": [],
 "success": true,
 "message": "Necessary objects imported."
}
Initial solution:  tensor([[1976.,    7.]])
Content-Type: application/json

{
 "solution": [
  [
   1976.0,
   7.0
  ]
 ],
 "objectives": [],
 "bad_solutions": [
  [
   "undefined"
  ]
 ],
 "saved_solutions": [
  "undefined"
 ],
 "saved_objectives": [
  "undefined"
 ],
 "success": true,
 "message": "Necessary objects imported."
}
Initial solution:  tensor([[1695.,    7.]])
Content-Type: application/json

{
 "solution": [
  [
   1695.0,
   7.0
  ]
 ],
 "objectives": [],
 "bad_solutions": [
  []
 ],
 "saved_solutions": [],
 "saved_objectives": [],
 "success": true,
 "message": "Necessary objects imported."
}
Initial solution:  tensor([[614.,   6.]])
Content-Type: application/json

{
 "solution": [
  [
   614.0,
   6.0
  ]
 ],
 "objectives": [],
 "bad_solutions": [
  [
   "undefined"
  ]
 ],
 "saved_solutions": [
  "undefined"
 ],
 "saved_objectives": [
  "undefined"
 ],
 "success": true,
 "message": "Necessary objects imported."
}
Initial solution:  tensor([[594.,   6.]])
Content-Type: application/json

{
 "solution": [
  [
   594.0,
   6.0
  ]
 ],
 "objectives": [],
 "bad_solutions": [
  [
   "undefined"
  ]
 ],
 "saved_solutions": [
  "undefined"
 ],
 "saved_objectives": [
  "undefined"
 ],
 "success": true,
 "message": "Necessary objects imported."
}
Initial solution:  tensor([[589.,   9.]])
Content-Type: application/json

{
 "solution": [
  [
   589.0,
   9.0
  ]
 ],
 "objectives": [],
 "bad_solutions": [
  []
 ],
 "saved_solutions": [],
 "saved_objectives": [],
 "success": true,
 "message": "Necessary objects imported."
}
Initial solution:  tensor([[612.,   5.]])
Content-Type: application/json

{'solution': [[612.0, 5.0]], 'objectives': [], 'bad_solutions': [[]], 'saved_solutions': [], 'saved_objectives': [], 'success': True, 'message': 'Necessary objects imported.'}
{
 "solution": [
  [
   612.0,
   5.0
  ]
 ],
 "objectives": [],
 "bad_solutions": [
  []
 ],
 "saved_solutions": [],
 "saved_objectives": [],
 "success": true,
 "message": "Necessary objects imported."
}
Initial solution:  tensor([[987.,  11.]])
Content-Type: application/json

{'solution': [[987.0, 11.0]], 'objectives': [], 'bad_solutions': [[]], 'saved_solutions': [], 'saved_objectives': [], 'success': True, 'message': 'Necessary objects imported.'}
{
 "solution": [
  [
   987.0,
   11.0
  ]
 ],
 "objectives": [],
 "bad_solutions": [
  []
 ],
 "saved_solutions": [],
 "saved_objectives": [],
 "success": true,
 "message": "Necessary objects imported."
}
